npm WARN deprecated native-or-bluebird@1.1.2: 'native-or-bluebird' is deprecated. Please use 'any-promise' instead.

> ws@0.4.31 install /Users/hweng/git/deploybot/node_modules/ws
> (node-gyp rebuild 2> builderror.log) || (exit 0)

  CXX(target) Release/obj.target/bufferutil/src/bufferutil.o
DeployBot@0.0.0 /Users/hweng/git/deploybot
├─┬ hubot@2.18.0 
│ ├── async@0.9.2 
│ ├─┬ chalk@1.1.3 
│ │ ├── ansi-styles@2.2.1 
│ │ ├── escape-string-regexp@1.0.5 
│ │ ├─┬ has-ansi@2.0.0 
│ │ │ └── ansi-regex@2.0.0 
│ │ ├── strip-ansi@3.0.1 
│ │ └── supports-color@2.0.0 
│ ├── cline@0.8.2 
│ ├── coffee-script@1.6.3 
│ ├─┬ connect-multiparty@1.2.5 
│ │ ├─┬ multiparty@3.3.2 
│ │ │ ├─┬ readable-stream@1.1.14 
│ │ │ │ ├── core-util-is@1.0.2 
│ │ │ │ ├── inherits@2.0.1 
│ │ │ │ ├── isarray@0.0.1 
│ │ │ │ └── string_decoder@0.10.31 
│ │ │ └── stream-counter@0.2.0 
│ │ ├─┬ on-finished@2.1.1 
│ │ │ └── ee-first@1.1.0 
│ │ ├── qs@2.2.5 
│ │ └─┬ type-is@1.5.7 
│ │   ├── media-typer@0.3.0 
│ │   └─┬ mime-types@2.0.14 
│ │     └── mime-db@1.12.0 
│ ├─┬ express@3.21.2 
│ │ ├── basic-auth@1.0.3 
│ │ ├── commander@2.6.0 
│ │ ├─┬ connect@2.30.2 
│ │ │ ├── basic-auth-connect@1.0.0 
│ │ │ ├─┬ body-parser@1.13.3 
│ │ │ │ ├── iconv-lite@0.4.11 
│ │ │ │ ├─┬ on-finished@2.3.0 
│ │ │ │ │ └── ee-first@1.1.1 
│ │ │ │ ├── qs@4.0.0 
│ │ │ │ ├─┬ raw-body@2.1.6 
│ │ │ │ │ ├── bytes@2.3.0 
│ │ │ │ │ └── iconv-lite@0.4.13 
│ │ │ │ └─┬ type-is@1.6.12 
│ │ │ │   └─┬ mime-types@2.1.10 
│ │ │ │     └── mime-db@1.22.0 
│ │ │ ├── bytes@2.1.0 
│ │ │ ├─┬ compression@1.5.2 
│ │ │ │ ├─┬ accepts@1.2.13 
│ │ │ │ │ ├─┬ mime-types@2.1.10 
│ │ │ │ │ │ └── mime-db@1.22.0 
│ │ │ │ │ └── negotiator@0.5.3 
│ │ │ │ └─┬ compressible@2.0.7 
│ │ │ │   └── mime-db@1.22.0 
│ │ │ ├── connect-timeout@1.6.2 
│ │ │ ├── cookie-parser@1.3.5 
│ │ │ ├─┬ csurf@1.8.3 
│ │ │ │ └─┬ csrf@3.0.1 
│ │ │ │   ├── base64-url@1.2.1 
│ │ │ │   ├── rndm@1.2.0 
│ │ │ │   ├── scmp@1.0.0 
│ │ │ │   └─┬ uid-safe@2.1.0 
│ │ │ │     └── random-bytes@1.0.0 
│ │ │ ├─┬ errorhandler@1.4.3 
│ │ │ │ ├─┬ accepts@1.3.2 
│ │ │ │ │ ├─┬ mime-types@2.1.10 
│ │ │ │ │ │ └── mime-db@1.22.0 
│ │ │ │ │ └── negotiator@0.6.0 
│ │ │ │ └── escape-html@1.0.3 
│ │ │ ├─┬ express-session@1.11.3 
│ │ │ │ ├── crc@3.3.0 
│ │ │ │ └── uid-safe@2.0.0 
│ │ │ ├─┬ finalhandler@0.4.0 
│ │ │ │ ├─┬ on-finished@2.3.0 
│ │ │ │ │ └── ee-first@1.1.1 
│ │ │ │ └── unpipe@1.0.0 
│ │ │ ├── http-errors@1.3.1 
│ │ │ ├── method-override@2.3.5 
│ │ │ ├─┬ morgan@1.6.1 
│ │ │ │ └─┬ on-finished@2.3.0 
│ │ │ │   └── ee-first@1.1.1 
│ │ │ ├── on-headers@1.0.1 
│ │ │ ├── pause@0.1.0 
│ │ │ ├── qs@4.0.0 
│ │ │ ├── response-time@2.3.1 
│ │ │ ├── serve-favicon@2.3.0 
│ │ │ ├─┬ serve-index@1.7.3 
│ │ │ │ ├── batch@0.5.3 
│ │ │ │ ├── escape-html@1.0.3 
│ │ │ │ └─┬ mime-types@2.1.10 
│ │ │ │   └── mime-db@1.22.0 
│ │ │ ├─┬ serve-static@1.10.2 
│ │ │ │ ├── escape-html@1.0.3 
│ │ │ │ └─┬ send@0.13.1 
│ │ │ │   ├── depd@1.1.0 
│ │ │ │   ├── destroy@1.0.4 
│ │ │ │   └─┬ on-finished@2.3.0 
│ │ │ │     └── ee-first@1.1.1 
│ │ │ ├─┬ type-is@1.6.12 
│ │ │ │ └─┬ mime-types@2.1.10 
│ │ │ │   └── mime-db@1.22.0 
│ │ │ └── vhost@3.0.2 
│ │ ├── content-disposition@0.5.0 
│ │ ├── content-type@1.0.1 
│ │ ├── cookie@0.1.3 
│ │ ├── cookie-signature@1.0.6 
│ │ ├─┬ debug@2.2.0 
│ │ │ └── ms@0.7.1 
│ │ ├── depd@1.0.1 
│ │ ├── escape-html@1.0.2 
│ │ ├── etag@1.7.0 
│ │ ├── fresh@0.3.0 
│ │ ├── merge-descriptors@1.0.0 
│ │ ├── methods@1.1.2 
│ │ ├─┬ mkdirp@0.5.1 
│ │ │ └── minimist@0.0.8 
│ │ ├── parseurl@1.3.1 
│ │ ├─┬ proxy-addr@1.0.10 
│ │ │ ├── forwarded@0.1.0 
│ │ │ └── ipaddr.js@1.0.5 
│ │ ├── range-parser@1.0.3 
│ │ ├─┬ send@0.13.0 
│ │ │ ├── destroy@1.0.3 
│ │ │ ├── mime@1.3.4 
│ │ │ ├─┬ on-finished@2.3.0 
│ │ │ │ └── ee-first@1.1.1 
│ │ │ └── statuses@1.2.1 
│ │ ├── utils-merge@1.0.0 
│ │ └── vary@1.0.1 
│ ├── log@1.4.0 
│ ├── optparse@1.0.4 
│ └── scoped-http-client@0.11.0 
├─┬ hubot-auto-deploy@0.1.9 
│ ├── inflection@1.3.6 
│ ├─┬ octonode@0.5.0 
│ │ ├── deep-extend@0.4.1 
│ │ ├─┬ randomstring@1.1.4 
│ │ │ └── array-uniq@1.0.2 
│ │ └─┬ request@2.27.0 
│ │   ├── aws-sign@0.3.0 
│ │   ├── cookie-jar@0.3.0 
│ │   ├── forever-agent@0.5.2 
│ │   ├─┬ form-data@0.1.4 
│ │   │ ├─┬ combined-stream@0.0.7 
│ │   │ │ └── delayed-stream@0.0.5 
│ │   │ └── mime@1.2.11 
│ │   ├─┬ hawk@1.0.0 
│ │   │ ├── boom@0.4.2 
│ │   │ ├── cryptiles@0.2.2 
│ │   │ ├── hoek@0.9.1 
│ │   │ └── sntp@0.2.4 
│ │   ├─┬ http-signature@0.10.1 
│ │   │ ├── asn1@0.1.11 
│ │   │ ├── assert-plus@0.1.5 
│ │   │ └── ctype@0.5.3 
│ │   ├── json-stringify-safe@5.0.1 
│ │   ├── mime@1.2.11 
│ │   ├── node-uuid@1.4.7 
│ │   ├── oauth-sign@0.3.0 
│ │   ├── qs@0.6.6 
│ │   └── tunnel-agent@0.3.0 
│ ├── sprintf@0.1.3 
│ └── timeago@0.1.0 
├─┬ hubot-deploy@0.6.56 
│ └─┬ hubot@2.13.2 
│   └─┬ express@3.18.1 
│     ├── basic-auth@1.0.0 
│     ├─┬ commander@1.3.2 
│     │ └── keypress@0.1.0 
│     ├─┬ connect@2.27.1 
│     │ ├─┬ body-parser@1.9.3 
│     │ │ ├── iconv-lite@0.4.5 
│     │ │ ├── qs@2.3.3 
│     │ │ └── raw-body@1.3.1 
│     │ ├── bytes@1.0.0 
│     │ ├─┬ compression@1.2.2 
│     │ │ └─┬ accepts@1.1.4 
│     │ │   └── negotiator@0.4.9 
│     │ ├─┬ connect-timeout@1.4.0 
│     │ │ └── ms@0.6.2 
│     │ ├─┬ csurf@1.6.6 
│     │ │ └─┬ csrf@2.0.7 
│     │ │   ├── rndm@1.1.1 
│     │ │   └─┬ uid-safe@1.1.0 
│     │ │     └── native-or-bluebird@1.1.2 
│     │ ├── errorhandler@1.2.4 
│     │ ├─┬ express-session@1.9.3 
│     │ │ └─┬ uid-safe@1.0.1 
│     │ │   └─┬ mz@1.3.0 
│     │ │     ├─┬ thenify@3.2.0 
│     │ │     │ └── any-promise@1.1.0 
│     │ │     └── thenify-all@1.6.0 
│     │ ├── finalhandler@0.3.2 
│     │ ├── http-errors@1.2.8 
│     │ ├── morgan@1.4.1 
│     │ ├── pause@0.0.1 
│     │ ├── qs@2.3.0 
│     │ ├── response-time@2.2.0 
│     │ ├─┬ serve-favicon@2.1.7 
│     │ │ └── ms@0.6.2 
│     │ ├─┬ serve-index@1.5.3 
│     │ │ └── batch@0.5.1 
│     │ └── serve-static@1.7.2 
│     ├── cookie@0.1.2 
│     ├── cookie-signature@1.0.5 
│     ├─┬ debug@2.1.3 
│     │ └── ms@0.7.0 
│     ├── escape-html@1.0.1 
│     ├─┬ etag@1.5.1 
│     │ └── crc@3.2.1 
│     ├── fresh@0.2.4 
│     ├── merge-descriptors@0.0.2 
│     ├── methods@1.1.0 
│     ├── mkdirp@0.5.0 
│     └─┬ send@0.10.1 
│       ├── destroy@1.0.3 
│       ├── mime@1.2.11 
│       └── ms@0.6.2 
├── hubot-diagnostics@0.0.1 
├── hubot-help@0.1.3 
├─┬ hubot-redis-brain@0.0.3 
│ └── redis@0.8.4 
├── hubot-rules@0.1.1 
├── hubot-scripts@2.16.2 
└─┬ hubot-slack@3.4.2 
  └─┬ slack-client@1.4.1 
    ├── coffee-script@1.9.3 
    └─┬ ws@0.4.31 
      ├── commander@0.6.1 
      ├── nan@0.3.2 
      ├── options@0.0.6 
      └── tinycolor@0.0.1 

[Tue Apr 26 2016 15:12:43 GMT-0700 (PDT)] ERROR No services token provided to Hubot
[Tue Apr 26 2016 15:12:43 GMT-0700 (PDT)] ERROR Error: listen EADDRINUSE 0.0.0.0:8080
  at Object.exports._errnoException (util.js:856:11)
  at exports._exceptionWithHostPort (util.js:879:20)
  at Server._listen2 (net.js:1236:14)
  at listen (net.js:1272:10)
  at net.js:1381:9
  at nextTickCallbackWith3Args (node.js:485:9)
  at process._tickCallback (node.js:391:17)

